<?xml version="1.0" encoding="UTF-8"?>
<testng-results skipped="0" failed="1" ignored="0" total="1" passed="0">
  <reporter-output>
  </reporter-output>
  <suite name="Book-TheAutomatedTester" duration-ms="14236" started-at="2021-01-05T21:50:38Z" finished-at="2021-01-05T21:50:52Z">
    <groups>
    </groups>
    <test name="Run All Tests" duration-ms="14236" started-at="2021-01-05T21:50:38Z" finished-at="2021-01-05T21:50:52Z">
      <class name="Test.CaseOne">
        <test-method status="PASS" signature="setuptoOpenHomeSite()[pri:0, instance:Test.CaseOne@783e6358]" name="setuptoOpenHomeSite" is-config="true" duration-ms="8663" started-at="2021-01-05T21:50:38Z" finished-at="2021-01-05T21:50:47Z">
          <reporter-output>
          </reporter-output>
        </test-method> <!-- setuptoOpenHomeSite -->
        <test-method status="FAIL" signature="testBookSite()[pri:1, instance:Test.CaseOne@783e6358]" name="testBookSite" duration-ms="5411" started-at="2021-01-05T21:50:47Z" finished-at="2021-01-05T21:50:52Z">
          <exception class="com.codeborne.selenide.ex.ElementShould">
            <message>
              <![CDATA[Element should have text 'Assert that this text is on the pagesss' {By.id: divontheleft}
Element: '<div class="leftdiv" id="divontheleft">Assert that this text is on the page</div>'
Screenshot: file:/C:/Users/Salman/Desktop/Salu/TestProject-main/build/reports/tests/1609883452006.0.png
Page source: file:/C:/Users/Salman/Desktop/Salu/TestProject-main/build/reports/tests/1609883452006.0.html
Timeout: 4 s.]]>
            </message>
            <full-stacktrace>
              <![CDATA[Element should have text 'Assert that this text is on the pagesss' {By.id: divontheleft}
Element: '<div class="leftdiv" id="divontheleft">Assert that this text is on the page</div>'
Screenshot: file:/C:/Users/Salman/Desktop/Salu/TestProject-main/build/reports/tests/1609883452006.0.png
Page source: file:/C:/Users/Salman/Desktop/Salu/TestProject-main/build/reports/tests/1609883452006.0.html
Timeout: 4 s.
at com.codeborne.selenide.impl.WebElementSource.checkCondition(WebElementSource.java:94)
at com.codeborne.selenide.commands.Should.execute(Should.java:30)
at com.codeborne.selenide.commands.Should.execute(Should.java:14)
at com.codeborne.selenide.commands.Commands.execute(Commands.java:152)
at com.codeborne.selenide.impl.SelenideElementProxy.dispatchAndRetry(SelenideElementProxy.java:104)
at com.codeborne.selenide.impl.SelenideElementProxy.invoke(SelenideElementProxy.java:70)
at com.sun.proxy.$Proxy6.shouldHave(Unknown Source)
at com.webPages.Chapter1Page.navigateToHome(Chapter1Page.java:25)
at Test.CaseOne.testBookSite(CaseOne.java:25)
at sun.reflect.NativeMethodAccessorImpl.invoke0(Native Method)
at sun.reflect.NativeMethodAccessorImpl.invoke(NativeMethodAccessorImpl.java:62)
at sun.reflect.DelegatingMethodAccessorImpl.invoke(DelegatingMethodAccessorImpl.java:43)
at java.lang.reflect.Method.invoke(Method.java:498)
at org.testng.internal.MethodInvocationHelper.invokeMethod(MethodInvocationHelper.java:124)
at org.testng.internal.Invoker.invokeMethod(Invoker.java:583)
at org.testng.internal.Invoker.invokeTestMethod(Invoker.java:719)
at org.testng.internal.Invoker.invokeTestMethods(Invoker.java:989)
at org.testng.internal.TestMethodWorker.invokeTestMethods(TestMethodWorker.java:125)
at org.testng.internal.TestMethodWorker.run(TestMethodWorker.java:109)
at org.testng.TestRunner.privateRun(TestRunner.java:648)
at org.testng.TestRunner.run(TestRunner.java:505)
at org.testng.SuiteRunner.runTest(SuiteRunner.java:455)
at org.testng.SuiteRunner.access$000(SuiteRunner.java:40)
at org.testng.SuiteRunner$SuiteWorker.run(SuiteRunner.java:489)
at org.testng.internal.thread.ThreadUtil$1.call(ThreadUtil.java:52)
at java.util.concurrent.FutureTask.run(FutureTask.java:266)
at java.util.concurrent.ThreadPoolExecutor.runWorker(ThreadPoolExecutor.java:1149)
at java.util.concurrent.ThreadPoolExecutor$Worker.run(ThreadPoolExecutor.java:624)
at java.lang.Thread.run(Thread.java:748)
]]>
            </full-stacktrace>
          </exception> <!-- com.codeborne.selenide.ex.ElementShould -->
          <reporter-output>
          </reporter-output>
        </test-method> <!-- testBookSite -->
        <test-method status="PASS" signature="close()[pri:0, instance:Test.CaseOne@783e6358]" name="close" is-config="true" duration-ms="130" started-at="2021-01-05T21:50:52Z" finished-at="2021-01-05T21:50:52Z">
          <reporter-output>
          </reporter-output>
        </test-method> <!-- close -->
      </class> <!-- Test.CaseOne -->
    </test> <!-- Run All Tests -->
  </suite> <!-- Book-TheAutomatedTester -->
</testng-results>
