<?xml version="1.0" encoding="UTF-8"?>
<!-- Generated by org.testng.reporters.JUnitXMLReporter -->
<testsuite hostname="DESKTOP-UHNB32H" ignored="0" name="Run All Tests" tests="1" failures="1" timestamp="05 Jan 2021 21:50:52 GMT" time="14.236" errors="0">
  <testcase name="testBookSite" time="5.411" classname="Test.CaseOne">
    <failure type="com.codeborne.selenide.ex.ElementShould" message="Element should have text &amp;apos;Assert that this text is on the pagesss&amp;apos; {By.id: divontheleft}
Element: &amp;apos;&amp;lt;div class=&amp;quot;leftdiv&amp;quot; id=&amp;quot;divontheleft&amp;quot;&amp;gt;Assert that this text is on the page&amp;lt;/div&amp;gt;&amp;apos;
Screenshot: file:/C:/Users/Salman/Desktop/Salu/TestProject-main/build/reports/tests/1609883452006.0.png
Page source: file:/C:/Users/Salman/Desktop/Salu/TestProject-main/build/reports/tests/1609883452006.0.html
Timeout: 4 s.">
      <![CDATA[Element should have text 'Assert that this text is on the pagesss' {By.id: divontheleft}
Element: '<div class="leftdiv" id="divontheleft">Assert that this text is on the page</div>'
Screenshot: file:/C:/Users/Salman/Desktop/Salu/TestProject-main/build/reports/tests/1609883452006.0.png
Page source: file:/C:/Users/Salman/Desktop/Salu/TestProject-main/build/reports/tests/1609883452006.0.html
Timeout: 4 s.
at com.codeborne.selenide.impl.WebElementSource.checkCondition(WebElementSource.java:94)
at com.codeborne.selenide.commands.Should.execute(Should.java:30)
at com.codeborne.selenide.commands.Should.execute(Should.java:14)
at com.codeborne.selenide.commands.Commands.execute(Commands.java:152)
at com.codeborne.selenide.impl.SelenideElementProxy.dispatchAndRetry(SelenideElementProxy.java:104)
at com.codeborne.selenide.impl.SelenideElementProxy.invoke(SelenideElementProxy.java:70)
at com.sun.proxy.$Proxy6.shouldHave(Unknown Source)
at com.webPages.Chapter1Page.navigateToHome(Chapter1Page.java:25)
at Test.CaseOne.testBookSite(CaseOne.java:25)
at java.util.concurrent.FutureTask.run(FutureTask.java:266)
at java.util.concurrent.ThreadPoolExecutor.runWorker(ThreadPoolExecutor.java:1149)
at java.util.concurrent.ThreadPoolExecutor$Worker.run(ThreadPoolExecutor.java:624)
at java.lang.Thread.run(Thread.java:748)
... Removed 16 stack frames]]>
    </failure>
  </testcase> <!-- testBookSite -->
</testsuite> <!-- Run All Tests -->
